../../Carthage/Checkouts/MBDataEnvironment/Tests/Resources/test-MBDataEnvironment.xml