<MBML>

    <Var name="testMap" type="map" mutable="F">
        <Var name="Key 1" literal="One"/>
        <Var name="Key 2" literal="Two"/>
        <Var name="Key 3" literal="Three"/>
        <Var name="Key 4" literal="Four"/>
    </Var>
    
    <Var name="testKeys" type="list" mutable="F">
        <Var literal="Key 1"/>
        <Var literal="Key 2"/>
        <Var literal="Key 3"/>
        <Var literal="Key 4"/>
    </Var>
    
    <Var name="testValues" type="list" mutable="F">
        <Var literal="One"/>
        <Var literal="Two"/>
        <Var literal="Three"/>
        <Var literal="Four"/>
    </Var>

    <Var name="splitLines" value="One\nTwo\nThree\nFour"/>

    <Var name="testInsertRemove" type="list" mutable="F">
        <Var literal="One"/>
        <Var literal="1.5"/>
        <Var literal="Two"/>
        <Var literal="2.5"/>
        <Var literal="Three"/>
        <Var literal="3.5"/>
        <Var literal="Four"/>
    </Var>

    <Var name="emptyList" type="list"/>
    <Var name="emptyMap" type="map"/>
    
    <!-- test data for data processing functions -->
    <Var name="newYorkTeams" type="list" mutable="F">
        <Var literal="Yankees"/>
        <Var literal="Mets"/>
        <Var literal="Knicks"/>
        <Var literal="Rangers"/>
        <Var literal="Islanders"/>
    </Var>

    <Var name="Daisy Test" type="map" mutable="F">
        <Var name="firstName" literal="Daisy"/>
        <Var name="lastName" literal="Test"/>
        <Var name="species" literal="dog"/>
        <Var name="gender" literal="female"/>
        <Var name="age" literal="7"/>
        <Var name="owners" type="list">
            <Var literal="Jill Test"/>
        </Var>
    </Var>
    
    <Var name="Barrett Test" type="map" mutable="F">
        <Var name="firstName" literal="Barrett"/>
        <Var name="lastName" literal="Test"/>
        <Var name="species" literal="cat"/>
        <Var name="gender" literal="female"/>
        <Var name="age" literal="3"/>
        <Var name="owners" type="list">
            <Var literal="Jill Test"/>
            <Var literal="Evan Test"/>
        </Var>
    </Var>
    
    <Var name="Jill Test" type="map" mutable="F">
        <Var name="firstName" literal="Jill"/>
        <Var name="lastName" literal="Test"/>
        <Var name="species" literal="human"/>
        <Var name="gender" literal="female"/>
        <Var name="age" literal="35"/>
        <Var name="aunts" type="list">
            <Var literal="Debbie Test"/>
        </Var>
        <Var name="nieces" type="list">
            <Var literal="Lauren Test"/>
        </Var>
    </Var>
    
    <Var name="Evan Test" type="map" mutable="F">
        <Var name="firstName" literal="Evan"/>
        <Var name="lastName" literal="Test"/>
        <Var name="gender" literal="male"/>
        <Var name="species" literal="human"/>
        <Var name="age" literal="39"/>
    </Var>
    
    <Var name="Debbie Test" type="map" mutable="F">
        <Var name="firstName" literal="Debbie"/>
        <Var name="lastName" literal="Test"/>
        <Var name="species" literal="human"/>
        <Var name="gender" literal="female"/>
        <Var name="age" literal="55"/>
        <Var name="nieces" type="list">
            <Var literal="Jill Test"/>
        </Var>
    </Var>
    
    <Var name="Lauren Test" type="map" mutable="F">
        <Var name="firstName" literal="Lauren"/>
        <Var name="lastName" literal="Test"/>
        <Var name="species" literal="human"/>
        <Var name="gender" literal="female"/>
        <Var name="age" literal="11"/>
        <Var name="aunts" type="list">
            <Var literal="Jill Test"/>
        </Var>
    </Var>
    
    <Var name="nameList" type="list" mutable="F">
        <Var value="$(Jill Test)"/>
        <Var value="$(Evan Test)"/>
        <Var value="$(Debbie Test)"/>
        <Var value="$(Lauren Test)"/>
        <Var value="$(Daisy Test)"/>
        <Var value="$(Barrett Test)"/>
    </Var>

    <Var name="nameMap" type="map" mutable="F">
        <Var name="Jill" value="$(Jill Test)"/>
        <Var name="Evan" value="$(Evan Test)"/>
        <Var name="Debbie" value="$(Debbie Test)"/>
        <Var name="Lauren" value="$(Lauren Test)"/>
        <Var name="Daisy" value="$(Daisy Test)"/>
        <Var name="Barrett" value="$(Barrett Test)"/>
    </Var>

    <Var name="testSet" value="^setWithArray($nameList)"/>

    <Var name="testOrderNumber" literal="102686" mutable="F"/>
    
    <Var name="testData" type="map" mutable="F">
        <Var name="orderNumber" value="$testOrderNumber"/>
        <Var name="order_number" value="$testOrderNumber"/>
        <Var name="order:number" value="$testOrderNumber"/>
        <Var name="order" type="map">
            <Var name="number" value="$testOrderNumber"/>
        </Var>
    </Var>

    <Var name="toFlatten" type="list">
        <Var type="list">
            <Var value="$testKeys"/>
        </Var>
        <Var type="list">
            <Var type="list">
                <Var value="$testValues"/>
            </Var>
        </Var>
        <Var value="$newYorkTeams"/>
    </Var>

    <Var name="backendDomain" literal="m.gilt.com"/>
    <Var name="backendPath" literal="test/path/"/>
    <Var name="backendQueryString" literal="h=value&amp;v=text&amp;q=hello"/>
    <Var name="backendURL" literal="http://m.gilt.com/test/path/?h=value&amp;v=text&amp;q=hello"/>
    
    <Var name="negativeNine"    value="^parseInteger(-9)"/>
    <Var name="negativeEight"   value="^parseInteger(-8)"/>
    <Var name="negativeSeven"   value="^parseInteger(-7)"/>
    <Var name="negativeSix"     value="^parseInteger(-6)"/>
    <Var name="negativeFive"    value="^parseInteger(-5)"/>
    <Var name="negativeFour"    value="^parseInteger(-4)"/>
    <Var name="negativeThree"   value="^parseInteger(-3)"/>
    <Var name="negativeTwo"     value="^parseInteger(-2)"/>
    <Var name="negativeOne"     value="^parseInteger(-1)"/>
    <Var name="zero"            value="^parseInteger(0)"/>
    <Var name="one"             value="^parseInteger(1)"/>
    <Var name="two"             value="^parseInteger(2)"/>
    <Var name="three"           value="^parseInteger(3)"/>
    <Var name="four"            value="^parseInteger(4)"/>
    <Var name="five"            value="^parseInteger(5)"/>
    <Var name="six"             value="^parseInteger(6)"/>
    <Var name="seven"           value="^parseInteger(7)"/>
    <Var name="eight"           value="^parseInteger(8)"/>
    <Var name="nine"            value="^parseInteger(9)"/>

    <Var name="rect:origin:x"       literal="10"/>
    <Var name="rect:origin:y"       literal="50"/>
    <Var name="rect:origin"         value="$rect:origin:x,$rect:origin:y"/>

    <Var name="rect:size:width"     literal="300"/>
    <Var name="rect:size:height"    literal="200"/>
    <Var name="rect:size"           value="$rect:size:width,$rect:size:height"/>

    <Var name="rect"                value="$rect:origin,$rect:size"/>

</MBML>
